[25-Mar-2021 11:37:34 UTC] PHP Parse error:  syntax error, unexpected '}', expecting ',' or ';' in /Users/dletorey/Local Sites/fictional-university/app/public/wp-content/themes/fictional-uni-theme/index.php on line 4
[25-Mar-2021 11:49:33 UTC] PHP Warning:  Use of undefined constant names - assumed 'names' (this will throw an Error in a future version of PHP) in /Users/dletorey/Local Sites/fictional-university/app/public/wp-content/themes/fictional-uni-theme/index.php on line 26
[25-Mar-2021 11:49:33 UTC] PHP Stack trace:
[25-Mar-2021 11:49:33 UTC] PHP   1. {main}() /Users/dletorey/Local Sites/fictional-university/app/public/index.php:0
[25-Mar-2021 11:49:33 UTC] PHP   2. require() /Users/dletorey/Local Sites/fictional-university/app/public/index.php:17
[25-Mar-2021 11:49:33 UTC] PHP   3. require_once() /Users/dletorey/Local Sites/fictional-university/app/public/wp-blog-header.php:19
[25-Mar-2021 11:49:33 UTC] PHP   4. include() /Users/dletorey/Local Sites/fictional-university/app/public/wp-includes/template-loader.php:106
[25-Mar-2021 11:49:55 UTC] PHP Warning:  Use of undefined constant names - assumed 'names' (this will throw an Error in a future version of PHP) in /Users/dletorey/Local Sites/fictional-university/app/public/wp-content/themes/fictional-uni-theme/index.php on line 26
[25-Mar-2021 11:49:55 UTC] PHP Stack trace:
[25-Mar-2021 11:49:55 UTC] PHP   1. {main}() /Users/dletorey/Local Sites/fictional-university/app/public/index.php:0
[25-Mar-2021 11:49:55 UTC] PHP   2. require() /Users/dletorey/Local Sites/fictional-university/app/public/index.php:17
[25-Mar-2021 11:49:55 UTC] PHP   3. require_once() /Users/dletorey/Local Sites/fictional-university/app/public/wp-blog-header.php:19
[25-Mar-2021 11:49:55 UTC] PHP   4. include() /Users/dletorey/Local Sites/fictional-university/app/public/wp-includes/template-loader.php:106
[25-Mar-2021 11:53:06 UTC] PHP Parse error:  syntax error, unexpected '}' in /Users/dletorey/Local Sites/fictional-university/app/public/wp-content/themes/fictional-uni-theme/index.php on line 30
[25-Mar-2021 12:05:27 UTC] PHP Parse error:  syntax error, unexpected '}' in /Users/dletorey/Local Sites/fictional-university/app/public/wp-content/themes/fictional-uni-theme/index.php on line 5
[25-Mar-2021 12:05:41 UTC] PHP Parse error:  syntax error, unexpected '}' in /Users/dletorey/Local Sites/fictional-university/app/public/wp-content/themes/fictional-uni-theme/index.php on line 5
[25-Mar-2021 12:29:58 UTC] PHP Fatal error:  Uncaught Error: Call to undefined function title() in /Users/dletorey/Local Sites/fictional-university/app/public/wp-content/themes/fictional-uni-theme/header.php:2
Stack trace:
#0 /Users/dletorey/Local Sites/fictional-university/app/public/wp-includes/template.php(730): require_once()
#1 /Users/dletorey/Local Sites/fictional-university/app/public/wp-includes/template.php(676): load_template('/Users/dletorey...', true, Array)
#2 /Users/dletorey/Local Sites/fictional-university/app/public/wp-includes/general-template.php(48): locate_template(Array, true, true, Array)
#3 /Users/dletorey/Local Sites/fictional-university/app/public/wp-content/themes/fictional-uni-theme/index.php(1): get_header()
#4 /Users/dletorey/Local Sites/fictional-university/app/public/wp-includes/template-loader.php(106): include('/Users/dletorey...')
#5 /Users/dletorey/Local Sites/fictional-university/app/public/wp-blog-header.php(19): require_once('/Users/dletorey...')
#6 /Users/dletorey/Local Sites/fictional-university/app/public/index.p in /Users/dletorey/Local Sites/fictional-university/app/public/wp-content/themes/fictional-uni-theme/header.php on line 2
[25-Mar-2021 12:41:27 UTC] PHP Parse error:  syntax error, unexpected '}' in /Users/dletorey/Local Sites/fictional-university/app/public/wp-content/themes/fictional-uni-theme/functions.php on line 4
