[25-Mar-2021 09:54:33] NOTICE: fpm is running, pid 4846
[25-Mar-2021 09:54:33] NOTICE: ready to handle connections
[26-Mar-2021 18:32:55] NOTICE: Terminating ...
[26-Mar-2021 18:32:55] NOTICE: Terminating ...
[26-Mar-2021 18:32:55] NOTICE: exiting, bye-bye!
[27-Mar-2021 10:24:05] NOTICE: fpm is running, pid 30512
[27-Mar-2021 10:24:05] NOTICE: ready to handle connections
[27-Mar-2021 10:25:44] NOTICE: Terminating ...
[27-Mar-2021 10:25:44] NOTICE: Terminating ...
[27-Mar-2021 10:25:44] NOTICE: exiting, bye-bye!
[27-Mar-2021 11:40:29] NOTICE: fpm is running, pid 30852
[27-Mar-2021 11:40:29] NOTICE: ready to handle connections
[29-Mar-2021 09:20:27] NOTICE: Terminating ...
[29-Mar-2021 09:20:27] NOTICE: Terminating ...
[29-Mar-2021 09:20:27] NOTICE: exiting, bye-bye!
[29-Mar-2021 09:38:42] NOTICE: fpm is running, pid 687
[29-Mar-2021 09:38:42] NOTICE: ready to handle connections
[01-Apr-2021 14:35:50] NOTICE: Terminating ...
[01-Apr-2021 14:35:50] NOTICE: Terminating ...
[01-Apr-2021 14:35:50] NOTICE: exiting, bye-bye!
[01-Apr-2021 14:49:06] NOTICE: fpm is running, pid 672
[01-Apr-2021 14:49:06] NOTICE: ready to handle connections
[06-Apr-2021 07:26:12] NOTICE: Terminating ...
[06-Apr-2021 07:26:12] NOTICE: Terminating ...
[06-Apr-2021 07:26:12] NOTICE: exiting, bye-bye!
[06-Apr-2021 12:37:34] NOTICE: fpm is running, pid 1810
[06-Apr-2021 12:37:34] NOTICE: ready to handle connections
[08-Apr-2021 09:01:38] NOTICE: Terminating ...
[08-Apr-2021 09:01:38] NOTICE: Terminating ...
[08-Apr-2021 09:01:38] NOTICE: exiting, bye-bye!
[19-Apr-2021 14:56:23] NOTICE: fpm is running, pid 47832
[19-Apr-2021 14:56:23] NOTICE: ready to handle connections
[19-Apr-2021 17:51:29] NOTICE: Terminating ...
[19-Apr-2021 17:51:29] NOTICE: Terminating ...
[19-Apr-2021 17:51:29] NOTICE: exiting, bye-bye!
[20-Apr-2021 11:48:31] NOTICE: fpm is running, pid 56676
[20-Apr-2021 11:48:31] NOTICE: ready to handle connections
[20-Apr-2021 16:55:23] NOTICE: Terminating ...
[20-Apr-2021 16:55:23] NOTICE: Terminating ...
[20-Apr-2021 16:55:23] NOTICE: exiting, bye-bye!
[21-Apr-2021 09:54:44] NOTICE: fpm is running, pid 1407
[21-Apr-2021 09:54:44] NOTICE: ready to handle connections
[21-Apr-2021 11:00:51] WARNING: [pool www] child 1420 said into stderr: "sh: gs: command not found"
[21-Apr-2021 11:23:17] NOTICE: Terminating ...
[21-Apr-2021 11:23:17] NOTICE: Terminating ...
[21-Apr-2021 11:23:18] NOTICE: exiting, bye-bye!
[21-Apr-2021 11:23:21] NOTICE: fpm is running, pid 2033
[21-Apr-2021 11:23:21] NOTICE: ready to handle connections
